[debug] [2020-10-23T14:05:33.958Z] ----------------------------------------------------------------------
[debug] [2020-10-23T14:05:33.962Z] Command:       C:\Program Files\nodejs\node.exe C:\Users\SjC\AppData\Roaming\npm\node_modules\firebase-tools\lib\bin\firebase.js deploy
[debug] [2020-10-23T14:05:33.963Z] CLI Version:   8.13.1
[debug] [2020-10-23T14:05:33.963Z] Platform:      win32
[debug] [2020-10-23T14:05:33.963Z] Node Version:  v10.16.0
[debug] [2020-10-23T14:05:33.965Z] Time:          Fri Oct 23 2020 19:05:33 GMT+0500 (Pakistan Standard Time)
[debug] [2020-10-23T14:05:33.965Z] ----------------------------------------------------------------------
[debug] [2020-10-23T14:05:33.965Z] 
[debug] [2020-10-23T14:05:33.977Z] > command requires scopes: ["email","openid","https://www.googleapis.com/auth/cloudplatformprojects.readonly","https://www.googleapis.com/auth/firebase","https://www.googleapis.com/auth/cloud-platform"]
[debug] [2020-10-23T14:05:33.978Z] > authorizing via signed-in user
[debug] [2020-10-23T14:05:33.978Z] [iam] checking project saylaniwebsite-135f8 for permissions ["firebase.projects.get","firebasehosting.sites.update"]
[debug] [2020-10-23T14:05:33.982Z] >>> HTTP REQUEST POST https://cloudresourcemanager.googleapis.com/v1/projects/saylaniwebsite-135f8:testIamPermissions  
 {"permissions":["firebase.projects.get","firebasehosting.sites.update"]}
[debug] [2020-10-23T14:05:35.442Z] <<< HTTP RESPONSE 200 {"content-type":"application/json; charset=UTF-8","vary":"X-Origin, Referer, Origin,Accept-Encoding","date":"Fri, 23 Oct 2020 14:05:35 GMT","server":"ESF","cache-control":"private","x-xss-protection":"0","x-frame-options":"SAMEORIGIN","x-content-type-options":"nosniff","server-timing":"gfet4t7; dur=1170","alt-svc":"h3-Q050=\":443\"; ma=2592000,h3-29=\":443\"; ma=2592000,h3-T051=\":443\"; ma=2592000,h3-T050=\":443\"; ma=2592000,h3-Q046=\":443\"; ma=2592000,h3-Q043=\":443\"; ma=2592000,quic=\":443\"; ma=2592000; v=\"46,43\"","accept-ranges":"none","transfer-encoding":"chunked"}
[debug] [2020-10-23T14:05:35.444Z] >>> HTTP REQUEST GET https://firebase.googleapis.com/v1beta1/projects/saylaniwebsite-135f8  
 
[debug] [2020-10-23T14:05:35.897Z] <<< HTTP RESPONSE 200 {"content-type":"application/json; charset=UTF-8","vary":"X-Origin, Referer, Origin,Accept-Encoding","date":"Fri, 23 Oct 2020 14:05:36 GMT","server":"ESF","cache-control":"private","x-xss-protection":"0","x-frame-options":"SAMEORIGIN","x-content-type-options":"nosniff","alt-svc":"h3-Q050=\":443\"; ma=2592000,h3-29=\":443\"; ma=2592000,h3-T051=\":443\"; ma=2592000,h3-T050=\":443\"; ma=2592000,h3-Q046=\":443\"; ma=2592000,h3-Q043=\":443\"; ma=2592000,quic=\":443\"; ma=2592000; v=\"46,43\"","accept-ranges":"none","transfer-encoding":"chunked"}
[info] 
[info] === Deploying to 'saylaniwebsite-135f8'...
[info] 
[info] i  deploying hosting 
[debug] [2020-10-23T14:05:35.904Z] >>> HTTP REQUEST POST https://firebasehosting.googleapis.com/v1beta1/sites/saylaniwebsite-135f8/versions  
 {"config":{"rewrites":[{"glob":"**","path":"/index.html"}]},"labels":{"deployment-tool":"cli-firebase"}}
[debug] [2020-10-23T14:05:36.296Z] Error: getaddrinfo EAI_AGAIN firebasehosting.googleapis.com firebasehosting.googleapis.com:443
    at GetAddrInfoReqWrap.onlookup [as oncomplete] (dns.js:56:26)
[error] 
[error] Error: Server Error. getaddrinfo EAI_AGAIN firebasehosting.googleapis.com firebasehosting.googleapis.com:443
[debug] [2020-10-23T14:05:55.379Z] ----------------------------------------------------------------------
[debug] [2020-10-23T14:05:55.383Z] Command:       C:\Program Files\nodejs\node.exe C:\Users\SjC\AppData\Roaming\npm\node_modules\firebase-tools\lib\bin\firebase.js deploy
[debug] [2020-10-23T14:05:55.384Z] CLI Version:   8.13.1
[debug] [2020-10-23T14:05:55.384Z] Platform:      win32
[debug] [2020-10-23T14:05:55.384Z] Node Version:  v10.16.0
[debug] [2020-10-23T14:05:55.386Z] Time:          Fri Oct 23 2020 19:05:55 GMT+0500 (Pakistan Standard Time)
[debug] [2020-10-23T14:05:55.386Z] ----------------------------------------------------------------------
[debug] [2020-10-23T14:05:55.386Z] 
[debug] [2020-10-23T14:05:55.400Z] > command requires scopes: ["email","openid","https://www.googleapis.com/auth/cloudplatformprojects.readonly","https://www.googleapis.com/auth/firebase","https://www.googleapis.com/auth/cloud-platform"]
[debug] [2020-10-23T14:05:55.401Z] > authorizing via signed-in user
[debug] [2020-10-23T14:05:55.402Z] [iam] checking project saylaniwebsite-135f8 for permissions ["firebase.projects.get","firebasehosting.sites.update"]
[debug] [2020-10-23T14:05:55.407Z] >>> HTTP REQUEST POST https://cloudresourcemanager.googleapis.com/v1/projects/saylaniwebsite-135f8:testIamPermissions  
 {"permissions":["firebase.projects.get","firebasehosting.sites.update"]}
